 
!  Flux numbers are in triplets of frequency (GHz), total and unresolved flux (Jy)
!  Flux of -9.99 means no data.  -1 is unknown limit.
!  Other negative is -1*(upper limit).
 
 
EQUINOX = J2000
SOURCE='J1908+4235','1907+425'
     RA=19:08:49.5567260 DEC=  42:35:28.900220 RAERR=   0.190 DECERR=   0.220 CALCODE='V' 
     REMARKS='rfc_2012b Petrov, 2012, unpublished 196 observations'
     FLUX =   2.20,  0.12,  0.06,   8.40,  0.05,  0.06    FLUXREF = 'rfc2012b'
     ! Separation =      3.294
 /
SOURCE='J1921+4333','1919+434'
     RA=19:21:09.9347110 DEC=  43:33:41.837740 RAERR=   1.295 DECERR=   0.873 CALCODE='V' 
     REMARKS='GSFC 2011B astro solution        17 Observations'
     FLUX =   2.20,  0.26,  0.10,   8.40,  0.18,  0.04    FLUXREF = 'rfc2012b'
     ! Separation =      1.705
 /
SOURCE='J1921+4506','1920+450'
     RA=19:21:54.2052720 DEC=  45:06:26.888080 RAERR=   6.006 DECERR=   2.260 CALCODE='V' 
     REMARKS='GSFC 2011B astro solution        10 Observations'
     FLUX =   2.20,  0.27,  0.05,   8.40,  0.12, -0.05    FLUXREF = 'rfc2012b'
     ! Separation =      3.057
 /
SOURCE='J1928+4412','1926+440'
     RA=19:28:21.3515420 DEC=  44:12:01.852530 RAERR=   1.359 DECERR=   1.950 CALCODE='V' 
     REMARKS='GSFC 2011B astro solution        25 Observations'
     FLUX =   2.20,  0.44,  0.08,   8.40,  0.13, -0.04    FLUXREF = 'rfc2012b'
     ! Separation =      2.062
 /
SOURCE='J1940+4304','1939+429'
     RA=19:40:49.3200130 DEC=  43:04:24.657560 RAERR=   1.248 DECERR=   0.849 CALCODE='V' 
     REMARKS='GSFC 2011B astro solution        39 Observations'
     FLUX =   2.20,  0.17,  0.07,   8.40,  0.14,  0.09    FLUXREF = 'rfc2012b'
     ! Separation =      2.783
 /
SOURCE='J1942+4129','1941+413'
     RA=19:42:58.6381010 DEC=  41:29:23.059980 RAERR=   0.180 DECERR=   0.220 CALCODE='V' 
     REMARKS='rfc_2012b Petrov, 2012, unpublished 90 observations'
     FLUX =   2.20,  0.30,  0.27,   8.40,  0.35,  0.24    FLUXREF = 'rfc2012b'
     ! Separation =      3.140
 /
